[08-May-2018 04:18:33 Europe/Berlin] mail() on [C:\xampp\htdocs\homemarket\controller\login.controller.php:75]: To: davidurrego302@gmail.com -- Headers:  -- Subject: recuperacion
[08-May-2018 04:21:02 Europe/Berlin] mail() on [C:\xampp\htdocs\homemarket\controller\login.controller.php:75]: To: davidurrego302@gmail.com -- Headers:  -- Subject: recuperacion
[08-May-2018 04:38:36 Europe/Berlin] mail() on [C:\xampp\htdocs\homemarket\controller\login.controller.php:75]: To: davidurrego302@gmail.com -- Headers:  -- Subject: recuperacion
[08-May-2018 04:39:05 Europe/Berlin] mail() on [C:\xampp\htdocs\homemarket\controller\login.controller.php:75]: To: davidurrego302@gmail.com -- Headers:  -- Subject: recuperacion
[08-May-2018 04:54:38 Europe/Berlin] mail() on [C:\xampp\htdocs\homemarket\controller\login.controller.php:75]: To: davidurrego302@gmail.com -- Headers:  -- Subject: recuperacion
[08-May-2018 04:56:18 Europe/Berlin] mail() on [C:\xampp\htdocs\homemarket\controller\login.controller.php:75]: To: davidurrego302@gmail.com -- Headers:  -- Subject: recuperacion
[08-May-2018 04:56:32 Europe/Berlin] mail() on [C:\xampp\htdocs\homemarket\controller\login.controller.php:75]: To: davidurrego302@gmail.com -- Headers:  -- Subject: recuperacion
[08-May-2018 05:07:48 Europe/Berlin] mail() on [C:\xampp\htdocs\homemarket\controller\login.controller.php:75]: To: davidurrego302@gmail.com -- Headers:  -- Subject: recuperacion
[08-May-2018 05:12:34 Europe/Berlin] mail() on [C:\xampp\htdocs\homemarket\controller\login.controller.php:75]: To: davidurrego302@gmail.com -- Headers:  -- Subject: recuperacion
[08-May-2018 05:16:18 Europe/Berlin] mail() on [C:\xampp\htdocs\homemarket\controller\login.controller.php:75]: To: davidurrego302@gmail.com -- Headers:  -- Subject: recuperacion
[08-May-2018 05:18:04 Europe/Berlin] mail() on [C:\xampp\htdocs\homemarket\controller\login.controller.php:75]: To: davidurrego302@gmail.com -- Headers:  -- Subject: recuperacion
[09-May-2018 19:21:15 Europe/Berlin] mail() on [C:\xampp\htdocs\homemarket\controller\login.controller.php:75]: To: davidurrego302@gmail.com -- Headers:  -- Subject: recuperacion
[09-May-2018 19:25:52 Europe/Berlin] mail() on [C:\xampp\htdocs\homemarket\controller\login.controller.php:75]: To: davidurrego302@gmail.com -- Headers:  -- Subject: recuperacion
[09-May-2018 19:47:25 Europe/Berlin] mail() on [C:\xampp\htdocs\homemarket\controller\login.controller.php:75]: To: davidurrego302@gmail.com -- Headers:  -- Subject: recuperacion
[09-May-2018 20:05:35 Europe/Berlin] mail() on [C:\xampp\htdocs\homemarket\controller\login.controller.php:75]: To: davidurrego302@gmail.com -- Headers:  -- Subject: recuperacion
[09-May-2018 20:08:02 Europe/Berlin] mail() on [C:\xampp\htdocs\homemarket\controller\login.controller.php:75]: To: davidurrego302@gmail.com -- Headers:  -- Subject: recuperacion
[09-May-2018 20:08:16 Europe/Berlin] mail() on [C:\xampp\htdocs\homemarket\controller\login.controller.php:75]: To: davidurrego302@gmail.com -- Headers:  -- Subject: recuperacion
[09-May-2018 20:09:10 Europe/Berlin] mail() on [C:\xampp\htdocs\homemarket\controller\login.controller.php:75]: To: davidurrego302@gmail.com -- Headers:  -- Subject: recuperacion
[09-May-2018 21:38:53 Europe/Berlin] mail() on [C:\xampp\htdocs\homemarket\controller\login.controller.php:75]: To: davidurrego302@gmail.com -- Headers:  -- Subject: recuperacion
[09-May-2018 22:09:30 Europe/Berlin] mail() on [C:\xampp\htdocs\homemarket\controller\login.controller.php:75]: To: davidurrego302@gmail.com -- Headers:  -- Subject: recuperacion
[09-May-2018 22:10:36 Europe/Berlin] mail() on [C:\xampp\htdocs\homemarket\controller\login.controller.php:75]: To: davidurrego302@gmail.com -- Headers:  -- Subject: recuperacion
[09-May-2018 22:14:25 Europe/Berlin] mail() on [C:\xampp\htdocs\homemarket\controller\login.controller.php:75]: To: home4market@gmail.com -- Headers:  -- Subject: recuperacion
[09-May-2018 22:15:03 Europe/Berlin] mail() on [C:\xampp\htdocs\homemarket\controller\login.controller.php:75]: To: home4market@gmail.com -- Headers:  -- Subject: recuperacion
[09-May-2018 22:15:08 Europe/Berlin] mail() on [C:\xampp\htdocs\homemarket\controller\login.controller.php:75]: To: home4market@gmail.com -- Headers:  -- Subject: recuperacion
[09-May-2018 22:16:29 Europe/Berlin] mail() on [C:\xampp\htdocs\homemarket\controller\login.controller.php:75]: To: home4market@gmail.com -- Headers:  -- Subject: recuperacion
[09-May-2018 22:16:34 Europe/Berlin] mail() on [C:\xampp\htdocs\homemarket\controller\login.controller.php:75]: To: home4market@gmail.com -- Headers:  -- Subject: recuperacion
[09-May-2018 22:16:39 Europe/Berlin] mail() on [C:\xampp\htdocs\homemarket\controller\login.controller.php:75]: To: home4market@gmail.com -- Headers:  -- Subject: recuperacion
[09-May-2018 22:18:53 Europe/Berlin] mail() on [C:\xampp\htdocs\homemarket\controller\login.controller.php:75]: To: home4market@gmail.com -- Headers:  -- Subject: recuperacion
[09-May-2018 22:21:52 Europe/Berlin] mail() on [C:\xampp\htdocs\homemarket\controller\login.controller.php:75]: To: home4market@gmail.com -- Headers:  -- Subject: recuperacion
[09-May-2018 22:28:10 Europe/Berlin] mail() on [C:\xampp\htdocs\homemarket\controller\login.controller.php:75]: To: home4market@gmail.com -- Headers:  -- Subject: recuperacion
[16-May-2018 19:49:59 Europe/Berlin] mail() on [C:\xampp\htdocs\homemarket\controller\login.controller.php:60]: To: home4market@gmail.com -- Headers:  -- Subject: recuperacion
[16-May-2018 19:50:25 Europe/Berlin] mail() on [C:\xampp\htdocs\homemarket\controller\login.controller.php:60]: To: home4market@gmail.com -- Headers:  -- Subject: recuperacion
[16-May-2018 19:52:08 Europe/Berlin] mail() on [C:\xampp\htdocs\homemarket\controller\login.controller.php:60]: To: home4market@gmail.com -- Headers:  -- Subject: recuperacion
[16-May-2018 20:22:11 Europe/Berlin] mail() on [C:\xampp\htdocs\homemarket\controller\login.controller.php:60]: To: home4market@gmail.com -- Headers:  -- Subject: recuperacion
[16-May-2018 20:28:37 Europe/Berlin] mail() on [C:\xampp\htdocs\homemarket\controller\login.controller.php:60]: To: home4market@gmail.com -- Headers:  -- Subject: recuperacion
[16-May-2018 22:24:17 Europe/Berlin] mail() on [C:\xampp\htdocs\homemarket\controller\login.controller.php:60]: To: home4market@gmail.com -- Headers:  -- Subject: recuperacion
[16-May-2018 22:25:29 Europe/Berlin] mail() on [C:\xampp\htdocs\homemarket\controller\login.controller.php:60]: To: home4market@gmail.com -- Headers:  -- Subject: recuperacion
[16-May-2018 22:32:00 Europe/Berlin] mail() on [C:\xampp\htdocs\homemarket\controller\login.controller.php:60]: To: home4market@gmail.com -- Headers:  -- Subject: recuperacion
[16-May-2018 22:40:36 Europe/Berlin] mail() on [C:\xampp\htdocs\homemarket\controller\login.controller.php:60]: To: yonosoybond@gmail.com -- Headers:  -- Subject: recuperacion
[16-May-2018 22:41:52 Europe/Berlin] mail() on [C:\xampp\htdocs\homemarket\controller\login.controller.php:60]: To: guffyherrera150@gmail.com -- Headers:  -- Subject: recuperacion
[16-May-2018 22:45:43 Europe/Berlin] mail() on [C:\xampp\htdocs\homemarket\controller\login.controller.php:60]: To: guffyherrera150@gmail.com -- Headers:  -- Subject: Recuperar tú Contraseña
[16-May-2018 22:46:35 Europe/Berlin] mail() on [C:\xampp\htdocs\homemarket\controller\login.controller.php:60]: To: dagobertsuarez@gmail.com -- Headers:  -- Subject: Recuperar tú Contraseña
